<?xml version="1.0" encoding="UTF-8"?>
<robot generator="Robot 7.3.2 (Python 3.12.2 on win32)" generated="2025-12-22T10:09:21.522720" rpa="false" schemaversion="5">
<suite id="s1" name="Test" source="E:\QA\test">
<suite id="s1-s1" name="Tests" source="E:\QA\test\tests">
<suite id="s1-s1-s1" name="Billpay Tests" source="E:\QA\test\tests\billpay_tests.robot">
<test id="s1-s1-s1-t1" name="Initiate" line="12">
<kw name="launch browser" owner="common-keywords">
<kw name="Open Browser" owner="SeleniumLibrary">
<msg time="2025-12-22T10:09:21.856214" level="INFO">Opening browser 'chrome' to base url 'https://parabank.parasoft.com/parabank/index.htm'.</msg>
<arg>${url}</arg>
<arg>${browser}</arg>
<doc>Opens a new browser instance to the optional ``url``.</doc>
<status status="PASS" start="2025-12-22T10:09:21.855163" elapsed="1.958990"/>
</kw>
<status status="PASS" start="2025-12-22T10:09:21.854363" elapsed="1.959790"/>
</kw>
<kw name="Set Selenium Speed" owner="SeleniumLibrary">
<arg>0.2s</arg>
<doc>Sets the delay that is waited after each Selenium command.</doc>
<status status="PASS" start="2025-12-22T10:09:23.814153" elapsed="0.000000"/>
</kw>
<kw name="Enter_lusername" owner="login_keywords">
<msg time="2025-12-22T10:09:23.814153" level="FAIL">Variable '${username}' not found.</msg>
<arg>${username}</arg>
<status status="FAIL" start="2025-12-22T10:09:23.814153" elapsed="0.014073">Variable '${username}' not found.</status>
</kw>
<kw name="Enter_lpassword" owner="login_keywords">
<arg>${password}</arg>
<status status="NOT RUN" start="2025-12-22T10:09:23.829230" elapsed="0.000000"/>
</kw>
<kw name="Click_login" owner="login_keywords">
<status status="NOT RUN" start="2025-12-22T10:09:23.829230" elapsed="0.000000"/>
</kw>
<kw name="Confirm_login" owner="login_keywords">
<status status="NOT RUN" start="2025-12-22T10:09:23.831278" elapsed="0.001017"/>
</kw>
<status status="FAIL" start="2025-12-22T10:09:21.836808" elapsed="1.996480">Variable '${username}' not found.</status>
</test>
<test id="s1-s1-s1-t2" name="Initiate_billpayment" line="20">
<kw name="fill bill pay details" owner="billpay_keywords">
<kw name="Input Text" owner="SeleniumLibrary">
<msg time="2025-12-22T10:09:23.866731" level="INFO">Typing text 'Electricity Co' into text field 'id=payee.name'.</msg>
<msg time="2025-12-22T10:09:24.451801" level="INFO" html="true">&lt;/td&gt;&lt;/tr&gt;&lt;tr&gt;&lt;td colspan="3"&gt;&lt;a href="selenium-screenshot-26.png"&gt;&lt;img src="selenium-screenshot-26.png" width="800px"&gt;&lt;/a&gt;</msg>
<msg time="2025-12-22T10:09:24.451801" level="FAIL">Element with locator 'id=payee.name' not found.</msg>
<arg>id=payee.name</arg>
<arg>${payee_name}</arg>
<doc>Types the given ``text`` into the text field identified by ``locator``.</doc>
<status status="FAIL" start="2025-12-22T10:09:23.866731" elapsed="0.585070">Element with locator 'id=payee.name' not found.</status>
</kw>
<kw name="Input Text" owner="SeleniumLibrary">
<arg>id=payee.address.street</arg>
<arg>${address}</arg>
<doc>Types the given ``text`` into the text field identified by ``locator``.</doc>
<status status="NOT RUN" start="2025-12-22T10:09:24.462479" elapsed="0.000000"/>
</kw>
<kw name="Input Text" owner="SeleniumLibrary">
<arg>id=payee.address.city</arg>
<arg>${city}</arg>
<doc>Types the given ``text`` into the text field identified by ``locator``.</doc>
<status status="NOT RUN" start="2025-12-22T10:09:24.462479" elapsed="0.000000"/>
</kw>
<kw name="Input Text" owner="SeleniumLibrary">
<arg>id=payee.address.state</arg>
<arg>${state}</arg>
<doc>Types the given ``text`` into the text field identified by ``locator``.</doc>
<status status="NOT RUN" start="2025-12-22T10:09:24.462479" elapsed="0.000000"/>
</kw>
<kw name="Input Text" owner="SeleniumLibrary">
<arg>id=payee.address.zipCode</arg>
<arg>${zip}</arg>
<doc>Types the given ``text`` into the text field identified by ``locator``.</doc>
<status status="NOT RUN" start="2025-12-22T10:09:24.462479" elapsed="0.002007"/>
</kw>
<kw name="Input Text" owner="SeleniumLibrary">
<arg>id=payee.phoneNumber</arg>
<arg>${phone}</arg>
<doc>Types the given ``text`` into the text field identified by ``locator``.</doc>
<status status="NOT RUN" start="2025-12-22T10:09:24.464486" elapsed="0.000000"/>
</kw>
<kw name="Input Text" owner="SeleniumLibrary">
<arg>id=payee.accountNumber</arg>
<arg>${account}</arg>
<doc>Types the given ``text`` into the text field identified by ``locator``.</doc>
<status status="NOT RUN" start="2025-12-22T10:09:24.464486" elapsed="0.000000"/>
</kw>
<kw name="Input Text" owner="SeleniumLibrary">
<arg>id=verifyAccount</arg>
<arg>${verify_account}</arg>
<doc>Types the given ``text`` into the text field identified by ``locator``.</doc>
<status status="NOT RUN" start="2025-12-22T10:09:24.464486" elapsed="0.000000"/>
</kw>
<kw name="Input Text" owner="SeleniumLibrary">
<arg>id=amount</arg>
<arg>${amount}</arg>
<doc>Types the given ``text`` into the text field identified by ``locator``.</doc>
<status status="NOT RUN" start="2025-12-22T10:09:24.464486" elapsed="0.000000"/>
</kw>
<kw name="Select From List By Label" owner="SeleniumLibrary">
<arg>id=fromAccountId</arg>
<arg>${from_account}</arg>
<doc>Selects options from selection list ``locator`` by ``labels``.</doc>
<status status="NOT RUN" start="2025-12-22T10:09:24.466493" elapsed="0.000000"/>
</kw>
<arg>Electricity Co</arg>
<arg>123 Main Street</arg>
<arg>Toronto</arg>
<arg>ON</arg>
<arg>M1A1A1</arg>
<arg>9876543210</arg>
<arg>456789</arg>
<arg>456789</arg>
<arg>50</arg>
<arg>12345</arg>
<status status="FAIL" start="2025-12-22T10:09:23.866731" elapsed="0.599762">Element with locator 'id=payee.name' not found.</status>
</kw>
<kw name="submit bill payment" owner="billpay_keywords">
<status status="NOT RUN" start="2025-12-22T10:09:24.466493" elapsed="0.000000"/>
</kw>
<kw name="Close Browser" owner="SeleniumLibrary">
<doc>Closes the current browser.</doc>
<status status="NOT RUN" start="2025-12-22T10:09:24.466493" elapsed="0.000000"/>
</kw>
<status status="FAIL" start="2025-12-22T10:09:23.858235" elapsed="0.608258">Element with locator 'id=payee.name' not found.</status>
</test>
<status status="FAIL" start="2025-12-22T10:09:21.580322" elapsed="2.898061"/>
</suite>
<status status="FAIL" start="2025-12-22T10:09:21.576199" elapsed="2.912561"/>
</suite>
<status status="FAIL" start="2025-12-22T10:09:21.522720" elapsed="2.975339"/>
</suite>
<statistics>
<total>
<stat pass="0" fail="2" skip="0">All Tests</stat>
</total>
<tag>
</tag>
<suite>
<stat name="Test" id="s1" pass="0" fail="2" skip="0">Test</stat>
<stat name="Tests" id="s1-s1" pass="0" fail="2" skip="0">Test.Tests</stat>
<stat name="Billpay Tests" id="s1-s1-s1" pass="0" fail="2" skip="0">Test.Tests.Billpay Tests</stat>
</suite>
</statistics>
<errors>
</errors>
</robot>
